Measure/proguard-project.txt
# To enable ProGuard in your project, edit project.properties
# to define the proguard.config property as described in that file.
#
# Add project specific ProGuard rules here.
# By default, the flags in this file are appended to flags specified
# in ${sdk.dir}/tools/proguard/proguard-android.txt
# You can edit the include path and order by changing the ProGuard
# include property in project.properties.
#
# For more details, see
#   http://developer.android.com/guide/developing/tools/proguard.html

# Add any project specific keep options here:

# If your project uses WebView with JS, uncomment the following
# and specify the fully qualified class name to the JavaScript interface
# class:
#-keepclassmembers class fqcn.of.javascript.interface.for.webview {
#   public *;
#}
#混淆时不会产生形形色色的类名   
-dontusemixedcaseclassnames
#指定不去忽略非公共的类库 
-dontskipnonpubliclibraryclasses
 #不预校验 
-dontpreverify  
-verbose   
-optimizations !code/simplification/arithmetic,!field/*,!class/merging/*
   
#不进行混淆保持原样   
-keep public class * extends android.app.Activity   
-keep public class * extends android.app.Application   
-keep public class * extends android.app.Service   
-keep public class * extends android.content.BroadcastReceiver   
-keep public class * extends android.content.ContentProvider   
-keep public class * extends android.app.backup.BackupAgentHelper   
-keep public class * extends android.preference.Preference   
-keep public class com.android.vending.licensing.ILicensingService   
   
#保护指定的类和类的成员的名称，如果所有指定的类成员出席   
-keepclasseswithmembernames class * {   
    native <methods>;   
}   
   
#保护指定的类和类的成员，但条件是所有指定的类和类成员是要存在   
-keepclasseswithmembers class * {   
    public <init>(android.content.Context, android.util.AttributeSet);   
}   
   
   
-keepclasseswithmembers class * {   
    public <init>(android.content.Context, android.util.AttributeSet, int);   
}   
   
#保护指定类的成员，如果此类受到保护他们会保护的更好   
-keepclassmembers class * extends android.app.Activity {   
   public void *(android.view.View);   
}   
   
-keepclassmembers enum * {   
    public static **[] values();   
    public static ** valueOf(java.lang.String);   
}   
   
#保护指定的类文件和类成员   
-keep class * implements android.os.Parcelable {   
  public static final android.os.Parcelable$Creator *;   
} 

-keep class android.support.v4..**{*;} 

-keep public class com.wave.mzpad.activity.MainFragment
-keep public class com.wave.mzpad.activity.MParamDetailsFragment