Measure/proguard/mapping.txt
com.wave.mzpad.activity.MParamDetailsFragment -> com.wave.mzpad.activity.MParamDetailsFragment:
    android.widget.EditText line_number -> Q
    android.widget.EditText line_name -> R
    android.widget.EditText radius -> S
    android.widget.EditText outerrail_high -> T
    android.widget.EditText sample_interval -> U
    android.widget.EditText measure_startposition -> V
    android.widget.CheckBox track -> W
    android.widget.CheckBox inner_side -> X
    android.widget.Button conn_start -> Y
    android.widget.Button conn_pause -> Z
    android.widget.Button conn_stop -> aa
    android.widget.Button save_data -> ab
    android.widget.Button immediately_measure -> ac
    com.wave.mzpad.model.MeasureParam measureParam -> P
    java.lang.String TAG -> ad
    com.wave.mzpad.service.BusinessDataBase businessDataBase -> ae
    android.app.Activity mActivity -> af
    com.wave.mzpad.service.CommunicateServer server -> ag
    java.lang.String EVENT_USB_INSERT -> ah
    java.lang.String ACTION_USB_PERMISSION -> ai
    com.wave.mzpad.activity.MParamDetailsFragment$USBSerialBroadcastReceiver broadcastReceiver -> aj
    android.widget.TextView showMsg -> ak
    android.os.Handler mHandler -> al
    android.view.View$OnClickListener clickListener -> am
    android.widget.ListView listView -> an
    com.wave.mzpad.adpter.MeasureResultAdapter measureResultAdapter -> ao
    java.util.List results -> ap
    void onCreate(android.os.Bundle) -> c
    void onDestroy() -> m
com.wave.mzpad.activity.MParamDetailsFragment$1 -> com.wave.mzpad.activity.a:
    com.wave.mzpad.activity.MParamDetailsFragment this$0 -> a
    void handleMessage(android.os.Message) -> handleMessage
com.wave.mzpad.activity.MParamDetailsFragment$2 -> com.wave.mzpad.activity.b:
    com.wave.mzpad.activity.MParamDetailsFragment this$0 -> a
    void onClick(android.view.View) -> onClick
com.wave.mzpad.activity.MParamDetailsFragment$USBSerialBroadcastReceiver -> com.wave.mzpad.activity.MParamDetailsFragment$USBSerialBroadcastReceiver:
    java.lang.String TAG -> b
    com.wave.mzpad.activity.MParamDetailsFragment this$0 -> a
    void onReceive(android.content.Context,android.content.Intent) -> onReceive
com.wave.mzpad.activity.MParamListFragment -> com.wave.mzpad.activity.MParamListFragment:
    int mCurCheckPosition -> X
    int mShownCheckPosition -> Y
    com.wave.mzpad.adpter.ParamListAdapter paramListAapter -> aa
    java.util.List mpLists -> ab
    com.wave.mzpad.service.BusinessDataBase businessDataBase -> ac
    android.content.Context context -> ad
    java.lang.String UPDATE_LIST -> Z
    com.wave.mzpad.activity.MParamListFragment$UpdateListBroadcastReceiver updateListBroadcastReceiver -> ae
    void onActivityCreated(android.os.Bundle) -> d
    android.view.View onCreateView$469ccb8a(android.view.LayoutInflater,android.view.ViewGroup) -> a
    void onDestroy() -> m
    void initMeasureParamList() -> z
    void onSaveInstanceState(android.os.Bundle) -> e
    void onListItemClick$42a3bb55(int) -> a
    void showDetails(int) -> b
    boolean onItemLongClick(android.widget.AdapterView,android.view.View,int,long) -> onItemLongClick
    void access$0(com.wave.mzpad.activity.MParamListFragment) -> a
    com.wave.mzpad.adpter.ParamListAdapter access$1(com.wave.mzpad.activity.MParamListFragment) -> b
    com.wave.mzpad.service.BusinessDataBase access$2(com.wave.mzpad.activity.MParamListFragment) -> c
    java.util.List access$3(com.wave.mzpad.activity.MParamListFragment) -> d
com.wave.mzpad.activity.MParamListFragment$1 -> com.wave.mzpad.activity.c:
    com.wave.mzpad.activity.MParamListFragment this$0 -> a
    int val$mpIndex -> b
    void onClick(android.content.DialogInterface,int) -> onClick
com.wave.mzpad.activity.MParamListFragment$2 -> com.wave.mzpad.activity.d:
    com.wave.mzpad.activity.MParamListFragment this$0 -> a
    void onClick(android.content.DialogInterface,int) -> onClick
...
android.support.v4.view.AccessibilityDelegateCompat$AccessibilityDelegateImpl -> android.support.v4.view.d:
    java.lang.Object newAccessiblityDelegateDefaultImpl() -> a
    java.lang.Object newAccessiblityDelegateBridge(android.support.v4.view.AccessibilityDelegateCompat) -> a
    boolean dispatchPopulateAccessibilityEvent(java.lang.Object,android.view.View,android.view.accessibility.AccessibilityEvent) -> a
    void onInitializeAccessibilityEvent(java.lang.Object,android.view.View,android.view.accessibility.AccessibilityEvent) -> b
    void onInitializeAccessibilityNodeInfo(java.lang.Object,android.view.View,android.support.v4.view.accessibility.AccessibilityNodeInfoCompat) -> a
    void onPopulateAccessibilityEvent(java.lang.Object,android.view.View,android.view.accessibility.AccessibilityEvent) -> c
    boolean onRequestSendAccessibilityEvent(java.lang.Object,android.view.ViewGroup,android.view.View,android.view.accessibility.AccessibilityEvent) -> a
    void sendAccessibilityEvent(java.lang.Object,android.view.View,int) -> a
    void sendAccessibilityEventUnchecked(java.lang.Object,android.view.View,android.view.accessibility.AccessibilityEvent) -> d
    android.support.v4.view.accessibility.AccessibilityNodeProviderCompat getAccessibilityNodeProvider(java.lang.Object,android.view.View) -> a
    boolean performAccessibilityAction(java.lang.Object,android.view.View,int,android.os.Bundle) -> a
android.support.v4.view.AccessibilityDelegateCompat$AccessibilityDelegateJellyBeanImpl -> android.support.v4.view.e:
    java.lang.Object newAccessiblityDelegateBridge(android.support.v4.view.AccessibilityDelegateCompat) -> a
    android.support.v4.view.accessibility.AccessibilityNodeProviderCompat getAccessibilityNodeProvider(java.lang.Object,android.view.View) -> a
    boolean performAccessibilityAction(java.lang.Object,android.view.View,int,android.os.Bundle) -> a
android.support.v4.view.AccessibilityDelegateCompat$AccessibilityDelegateJellyBeanImpl$1 -> android.support.v4.view.f:
    android.support.v4.view.AccessibilityDelegateCompat val$compat -> a
    android.support.v4.view.AccessibilityDelegateCompat$AccessibilityDelegateJellyBeanImpl this$0 -> b
    boolean dispatchPopulateAccessibilityEvent(android.view.View,android.view.accessibility.AccessibilityEvent) -> a
    void onInitializeAccessibilityEvent(android.view.View,android.view.accessibility.AccessibilityEvent) -> b
    void onInitializeAccessibilityNodeInfo(android.view.View,java.lang.Object) -> a
    void onPopulateAccessibilityEvent(android.view.View,android.view.accessibility.AccessibilityEvent) -> c
    boolean onRequestSendAccessibilityEvent(android.view.ViewGroup,android.view.View,android.view.accessibility.AccessibilityEvent) -> a
    void sendAccessibilityEvent(android.view.View,int) -> a
    void sendAccessibilityEventUnchecked(android.view.View,android.view.accessibility.AccessibilityEvent) -> d
    java.lang.Object getAccessibilityNodeProvider(android.view.View) -> a
    boolean performAccessibilityAction(android.view.View,int,android.os.Bundle) -> a