Measure/proguard/usage.txt
com.wave.mzpad.BuildConfig
com.wave.mzpad.R
com.wave.mzpad.R$attr
com.wave.mzpad.R$color
com.wave.mzpad.R$drawable
com.wave.mzpad.R$id
com.wave.mzpad.R$layout
com.wave.mzpad.R$string
com.wave.mzpad.R$style
com.wave.mzpad.R$xml
com.wave.mzpad.activity.MParamDetailsFragment:
    public static final java.lang.String ACTION_CUSTOMIZE_INSERT
com.wave.mzpad.common.Contants:
    public static final int REQUEST_TIMEOUT
    public static final int REPEAT_TIME
    public static final int REQUEST_FAILED
    public static final int REQUEST_SUCCESSED
    public static final int REQUEST_GETDATA
    public static final int SHOW_MSG
    public static final int TOAST_MSG
    public static final int PAGE_MAXSIZE
    public static final byte COMMAND_START
    public static final byte COMMAND_PAUSE
    public static final byte COMMAND_STOP
    public static final byte COMMAND_SAMPLE_INTERVAL
    public static final byte COMMAND_UPLOAD_DATA
    public static final byte COMMAND_ASK
    public static final byte COMMAND_IMMEDIATELY
    public static final byte COMMAND_HEARTBEAT
    public static final byte COMMAND_NASK
    3:3:public Contants()
com.wave.mzpad.common.Contants$Command
com.wave.mzpad.common.Log:
    21:21:public Log()
    47:50:public static void w(java.lang.String,java.lang.String)
    59:62:public static void w(java.lang.String,java.lang.String,java.lang.Throwable)
    65:68:public static void v(java.lang.String,java.lang.String)
com.wave.mzpad.common.Utility:
    3:3:public Utility()
    24:24:public static boolean isEmpty(java.lang.StringBuffer)
    35:35:public static boolean isEmpty(java.lang.Object[])
    81:81:public static boolean isEmpty(java.util.Vector)
    85:85:public static java.lang.String dumpHexString(byte[])
    89:115:public static java.lang.String dumpHexString(byte[],int,int)
    141:141:public static java.lang.String toHexString(int)
    145:145:public static java.lang.String toHexString(short)
    155:162:public static byte[] toByteArray(int)
    166:171:public static byte[] toByteArray(short)
    175:182:private static int toByte(char)
    186:193:public static byte[] hexStringToByteArray(java.lang.String)
    210:217:public static java.lang.String byte2Str(byte[])
com.wave.mzpad.db.DAOBase:
    39:39:protected android.content.Context getContext()
    57:58:public void beginTransaction()
    64:65:public void setTransactionSuccessful()
    71:72:public void endTransaction()
    80:88:public int getCount(java.lang.String)
    99:106:public int getCount(java.lang.String,java.lang.String,java.lang.String)
    116:116:protected java.lang.Boolean delete(java.lang.String,java.lang.String)
    173:174:public void execSql(java.lang.String,java.lang.String)
    protected abstract java.lang.String[] getTableNameAndPK()
    protected abstract boolean isExistObject(com.wave.mzpad.model.AbstractObject)
com.wave.mzpad.db.MeasureParamDAO:
    93:93:public boolean deleteMeasureParam(java.lang.String)
    124:124:public boolean updateMeasureParam(java.lang.String,android.content.ContentValues)
com.wave.mzpad.db.MeasureResultDAO:
    95:95:public boolean deleteMeasureResult(java.lang.String)
    105:106:public boolean updateMeasureResult(java.lang.String,com.wave.mzpad.model.MeasureResult)
    116:116:public boolean updateMeasureResult(java.lang.String,android.content.ContentValues)
    134:146:protected boolean isExistObject(com.wave.mzpad.model.AbstractObject)
com.wave.mzpad.db.StandardDataDAO:
    89:89:public boolean deleteStandardData(java.lang.String)
    99:100:public boolean updateStandardData(java.lang.String,com.wave.mzpad.model.StandardData)
    110:110:public boolean updateStandardData(java.lang.String,android.content.ContentValues)
    129:141:protected boolean isExistObject(com.wave.mzpad.model.AbstractObject)
com.wave.mzpad.service.BusinessDataBase:
    123:126:public int calLimitValue(com.wave.mzpad.model.MeasureResult,com.wave.mzpad.model.MeasureParam)
...
android.support.v4.net.TrafficStatsCompatIcs
android.support.v4.os.EnvironmentCompat
android.support.v4.os.EnvironmentCompatKitKat
android.support.v4.os.ParcelableCompat:
    26:42:public ParcelableCompat()
android.support.v4.os.ParcelableCompatCreatorHoneycombMR2Stub:
    22:22:ParcelableCompatCreatorHoneycombMR2Stub()
android.support.v4.print.PrintHelper
android.support.v4.print.PrintHelper$1
android.support.v4.print.PrintHelper$PrintHelperKitkatImpl
android.support.v4.print.PrintHelper$PrintHelperStubImpl
android.support.v4.print.PrintHelper$PrintHelperVersionImpl
android.support.v4.print.PrintHelperKitkat
android.support.v4.print.PrintHelperKitkat$1
android.support.v4.text.BidiFormatter
android.support.v4.text.BidiFormatter$1
android.support.v4.text.BidiFormatter$Builder
android.support.v4.text.BidiFormatter$DirectionalityEstimator
android.support.v4.text.ICUCompat
android.support.v4.text.ICUCompat$ICUCompatImpl
android.support.v4.text.ICUCompat$ICUCompatImplBase
android.support.v4.text.ICUCompat$ICUCompatImplIcs
android.support.v4.text.ICUCompatIcs
android.support.v4.text.TextDirectionHeuristicCompat
android.support.v4.text.TextDirectionHeuristicsCompat
android.support.v4.text.TextDirectionHeuristicsCompat$1
android.support.v4.text.TextDirectionHeuristicsCompat$AnyStrong
android.support.v4.text.TextDirectionHeuristicsCompat$FirstStrong
android.support.v4.text.TextDirectionHeuristicsCompat$TextDirectionAlgorithm
android.support.v4.text.TextDirectionHeuristicsCompat$TextDirectionHeuristicImpl
android.support.v4.text.TextDirectionHeuristicsCompat$TextDirectionHeuristicInternal
android.support.v4.text.TextDirectionHeuristicsCompat$TextDirectionHeuristicLocale
android.support.v4.text.TextUtilsCompat
android.support.v4.util.ArrayMap:
    61:62:public ArrayMap(int)
    68:69:public ArrayMap(android.support.v4.util.SimpleArrayMap)
    130:130:public boolean containsAll(java.util.Collection)
    151:151:public boolean removeAll(java.util.Collection)
    161:161:public boolean retainAll(java.util.Collection)
android.support.v4.util.AtomicFile
android.support.v4.util.ContainerHelpers:
    19:19:ContainerHelpers()
    29:29:public static int idealLongArraySize(int)
    65:80:static int binarySearch(long[],int,long)
android.support.v4.util.DebugUtils:
    25:25:public DebugUtils()
android.support.v4.util.LongSparseArray
android.support.v4.util.LruCache
android.support.v4.util.SimpleArrayMap:
    private static final boolean DEBUG
    private static final java.lang.String TAG
    private static final int BASE_SIZE
    private static final int CACHE_SIZE
    217:225:public SimpleArrayMap(int)
    231:235:public SimpleArrayMap(android.support.v4.util.SimpleArrayMap)
    419:432:public void putAll(android.support.v4.util.SimpleArrayMap)
android.support.v4.util.SparseArrayCompat:
    76:76:public java.lang.Object get(int)
    85:90:public java.lang.Object get(int,java.lang.Object)
    98:106:public void delete(int)
    112:113:public void remove(int)
    119:123:public void removeAt(int)
    132:136:public void removeAtRange(int,int)
    172:216:public void put(int,java.lang.Object)
    263:268:public void setValueAt(int,java.lang.Object)
    276:280:public int indexOfKey(int)
    294:302:public int indexOfValue(java.lang.Object)
    325:352:public void append(int,java.lang.Object)
android.support.v4.util.TimeUtils
android.support.v4.view.AccessibilityDelegateCompatIcs:
    28:30:AccessibilityDelegateCompatIcs()
android.support.v4.view.AccessibilityDelegateCompatJellyBean:
    30:32:AccessibilityDelegateCompatJellyBean()
android.support.v4.view.ActionProvider
android.support.v4.view.ActionProvider$SubUiVisibilityListener
android.support.v4.view.ActionProvider$VisibilityListener
android.support.v4.view.GestureDetectorCompat
android.support.v4.view.GestureDetectorCompat$GestureDetectorCompatImpl
android.support.v4.view.GestureDetectorCompat$GestureDetectorCompatImplBase